<?xml version="1.0" encoding="UTF-8"?>
<testng-results ignored="0" total="1" passed="1" failed="0" skipped="0">
  <reporter-output>
  </reporter-output>
  <suite started-at="2022-03-24T13:13:00 EDT" name="Default suite" finished-at="2022-03-24T13:13:38 EDT" duration-ms="38524">
    <groups>
    </groups>
    <test started-at="2022-03-24T13:13:00 EDT" name="Default test" finished-at="2022-03-24T13:13:38 EDT" duration-ms="38524">
      <class name="more_ways.Vegetables">
        <test-method signature="f()[pri:0, instance:more_ways.Vegetables@13d73fa]" started-at="2022-03-24T13:13:00 EDT" name="f" finished-at="2022-03-24T13:13:38 EDT" duration-ms="38495" status="PASS">
          <reporter-output>
          </reporter-output>
        </test-method> <!-- f -->
      </class> <!-- more_ways.Vegetables -->
    </test> <!-- Default test -->
  </suite> <!-- Default suite -->
</testng-results>
